2026-05-15 20:43:04,957 - INFO - KNN Test Accuracy:0.6705
2026-05-15 20:43:07,080 - INFO - KNN Classification report:              precision    recall  f1-score   support

           0       0.27      0.25      0.26      2317
           1       0.78      0.80      0.79      7683

    accuracy                           0.67     10000
   macro avg       0.52      0.52      0.52     10000
weighted avg       0.66      0.67      0.67     10000

2026-05-15 20:43:09,245 - INFO - KNN confusion matrix:[[ 575 1742]
 [1553 6130]]
2026-05-15 20:43:09,505 - INFO - Naive Bayes Test Accuracy:0.7683
2026-05-15 20:43:09,568 - INFO - Naive Bayes Classification report:              precision    recall  f1-score   support

           0       0.00      0.00      0.00      2317
           1       0.77      1.00      0.87      7683

    accuracy                           0.77     10000
   macro avg       0.38      0.50      0.43     10000
weighted avg       0.59      0.77      0.67     10000

2026-05-15 20:43:09,615 - INFO - Naive Bayesconfusion matrix:[[   0 2317]
 [   0 7683]]
2026-05-15 20:43:11,358 - INFO - LogisticRegression Test Accuracy:0.7605
2026-05-15 20:43:11,389 - INFO - LogisticRegression Classification report:              precision    recall  f1-score   support

           0       0.47      0.23      0.31      2317
           1       0.80      0.92      0.86      7683

    accuracy                           0.76     10000
   macro avg       0.63      0.58      0.58     10000
weighted avg       0.72      0.76      0.73     10000

2026-05-15 20:43:11,405 - INFO - LogisticRegression confusion matrix:[[ 536 1781]
 [ 614 7069]]
2026-05-15 20:43:48,627 - INFO - DecisionTreeClassifier Test Accuracy:0.6799
2026-05-15 20:43:48,659 - INFO - DecisionTree Classification report:              precision    recall  f1-score   support

           0       0.30      0.28      0.29      2317
           1       0.79      0.80      0.79      7683

    accuracy                           0.68     10000
   macro avg       0.54      0.54      0.54     10000
weighted avg       0.67      0.68      0.68     10000

2026-05-15 20:43:48,675 - INFO - DecisionTree confusion matrix:[[ 655 1662]
 [1539 6144]]
2026-05-15 20:44:00,460 - INFO - RandomForestClassifier Test Accuracy:0.6643
2026-05-15 20:44:00,492 - INFO - RandomForest Classification report:              precision    recall  f1-score   support

           0       0.24      0.20      0.22      2317
           1       0.77      0.80      0.79      7683

    accuracy                           0.66     10000
   macro avg       0.50      0.50      0.50     10000
weighted avg       0.65      0.66      0.65     10000

2026-05-15 20:44:00,523 - INFO - RandomForest confusion matrix:[[ 463 1854]
 [1503 6180]]
2026-05-15 20:44:02,216 - INFO - AdaBoostClassifier Test Accuracy:0.7423
2026-05-15 20:44:02,263 - INFO - ADaBoost Classification report:              precision    recall  f1-score   support

           0       0.43      0.35      0.39      2317
           1       0.81      0.86      0.84      7683

    accuracy                           0.74     10000
   macro avg       0.62      0.60      0.61     10000
weighted avg       0.73      0.74      0.73     10000

2026-05-15 20:44:02,295 - INFO - AdaBoost confusion matrix:[[ 807 1510]
 [1067 6616]]
2026-05-15 20:44:27,270 - INFO - GradientBoostingClassifier Test Accuracy:0.7683
2026-05-15 20:44:27,317 - INFO - GradientBoosting Classification report:              precision    recall  f1-score   support

           0       0.00      0.00      0.00      2317
           1       0.77      1.00      0.87      7683

    accuracy                           0.77     10000
   macro avg       0.38      0.50      0.43     10000
weighted avg       0.59      0.77      0.67     10000

2026-05-15 20:44:27,333 - INFO - GradientBoosting confusion matrix:[[   0 2317]
 [   0 7683]]
2026-05-15 20:44:33,902 - INFO - XGBClassifier Test Accuracy:0.7619
2026-05-15 20:44:33,944 - INFO - XGB Classification report:              precision    recall  f1-score   support

           0       0.35      0.03      0.06      2317
           1       0.77      0.98      0.86      7683

    accuracy                           0.76     10000
   macro avg       0.56      0.51      0.46     10000
weighted avg       0.67      0.76      0.68     10000

2026-05-15 20:44:33,970 - INFO - XGB confusion matrix:[[  73 2244]
 [ 137 7546]]
