2026-05-15 20:42:40,897 - INFO - Data Loaded Successfully
2026-05-15 20:42:40,897 - INFO - Total number of rows :50000
2026-05-15 20:42:40,897 - INFO - Total number of columns :109
2026-05-15 20:42:40,928 - INFO - None
2026-05-15 20:42:40,944 - INFO - checking null values :var_1      0
var_2      0
var_3      0
var_4      0
var_5      0
          ..
var_106    0
var_107    0
var_108    0
var_109    0
target     0
Length: 109, dtype: int64
2026-05-15 20:42:41,023 - INFO - X_train shape :(40000, 108)
2026-05-15 20:42:41,023 - INFO - X_test shape :(10000, 108)
2026-05-15 20:42:41,023 - INFO - X_train columns :Index(['var_1', 'var_2', 'var_3', 'var_4', 'var_5', 'var_6', 'var_7', 'var_8',
       'var_9', 'var_10',
       ...
       'var_100', 'var_101', 'var_102', 'var_103', 'var_104', 'var_105',
       'var_106', 'var_107', 'var_108', 'var_109'],
      dtype='object', length=108)
2026-05-15 20:42:41,023 - INFO - X_test columns :Index(['var_1', 'var_2', 'var_3', 'var_4', 'var_5', 'var_6', 'var_7', 'var_8',
       'var_9', 'var_10',
       ...
       'var_100', 'var_101', 'var_102', 'var_103', 'var_104', 'var_105',
       'var_106', 'var_107', 'var_108', 'var_109'],
      dtype='object', length=108)
2026-05-15 20:42:41,023 - INFO - y_train shape :(40000,)
2026-05-15 20:42:41,023 - INFO - y_test shape :(10000,)
2026-05-15 20:42:41,023 - INFO - 13395    1
22141    1
58       1
24010    1
32355    1
Name: target, dtype: int64
2026-05-15 20:42:41,023 - INFO - 16341    1
36082    1
49957    1
27983    1
17452    1
Name: target, dtype: int64
2026-05-15 20:42:41,039 - INFO - No missing values
2026-05-15 20:42:41,039 - INFO - X_train columns :Index(['var_1', 'var_2', 'var_3', 'var_4', 'var_5', 'var_6', 'var_7', 'var_8',
       'var_9', 'var_10',
       ...
       'var_100', 'var_101', 'var_102', 'var_103', 'var_104', 'var_105',
       'var_106', 'var_107', 'var_108', 'var_109'],
      dtype='object', length=108)
2026-05-15 20:42:41,039 - INFO - X_test columns :Index(['var_1', 'var_2', 'var_3', 'var_4', 'var_5', 'var_6', 'var_7', 'var_8',
       'var_9', 'var_10',
       ...
       'var_100', 'var_101', 'var_102', 'var_103', 'var_104', 'var_105',
       'var_106', 'var_107', 'var_108', 'var_109'],
      dtype='object', length=108)
2026-05-15 20:42:55,666 - INFO - X_train_num columns :Index(['var_1_yeo_trim', 'var_2_yeo_trim', 'var_3_yeo_trim', 'var_4_yeo_trim',
       'var_5_yeo_trim', 'var_6_yeo_trim', 'var_7_yeo_trim', 'var_8_yeo_trim',
       'var_9_yeo_trim', 'var_10_yeo_trim',
       ...
       'var_100_yeo_trim', 'var_101_yeo_trim', 'var_102_yeo_trim',
       'var_103_yeo_trim', 'var_104_yeo_trim', 'var_105_yeo_trim',
       'var_106_yeo_trim', 'var_107_yeo_trim', 'var_108_yeo_trim',
       'var_109_yeo_trim'],
      dtype='object', length=108)
2026-05-15 20:42:55,666 - INFO - X_test_num columns :Index(['var_1_yeo_trim', 'var_2_yeo_trim', 'var_3_yeo_trim', 'var_4_yeo_trim',
       'var_5_yeo_trim', 'var_6_yeo_trim', 'var_7_yeo_trim', 'var_8_yeo_trim',
       'var_9_yeo_trim', 'var_10_yeo_trim',
       ...
       'var_100_yeo_trim', 'var_101_yeo_trim', 'var_102_yeo_trim',
       'var_103_yeo_trim', 'var_104_yeo_trim', 'var_105_yeo_trim',
       'var_106_yeo_trim', 'var_107_yeo_trim', 'var_108_yeo_trim',
       'var_109_yeo_trim'],
      dtype='object', length=108)
2026-05-15 20:42:55,666 - INFO - After vt_out: <class 'pandas.core.frame.DataFrame'>
2026-05-15 20:42:55,666 - INFO - X_train columns :Index(['var_1_yeo_trim', 'var_2_yeo_trim', 'var_3_yeo_trim', 'var_4_yeo_trim',
       'var_5_yeo_trim', 'var_6_yeo_trim', 'var_7_yeo_trim', 'var_8_yeo_trim',
       'var_9_yeo_trim', 'var_10_yeo_trim',
       ...
       'var_100_yeo_trim', 'var_101_yeo_trim', 'var_102_yeo_trim',
       'var_103_yeo_trim', 'var_104_yeo_trim', 'var_105_yeo_trim',
       'var_106_yeo_trim', 'var_107_yeo_trim', 'var_108_yeo_trim',
       'var_109_yeo_trim'],
      dtype='object', length=108)
2026-05-15 20:42:55,666 - INFO - [1 0]
2026-05-15 20:43:02,099 - INFO - Balanced X_train shape: (60746, 108)
2026-05-15 20:43:02,099 - INFO - Balanced y_train shape: (60746,)
2026-05-15 20:43:02,099 - INFO - After data_balance: <class 'pandas.core.frame.DataFrame'>
2026-05-15 20:43:02,114 - INFO - null values:var_1_yeo_trim      0
var_2_yeo_trim      0
var_3_yeo_trim      0
var_4_yeo_trim      0
var_5_yeo_trim      0
                   ..
var_105_yeo_trim    0
var_106_yeo_trim    0
var_107_yeo_trim    0
var_108_yeo_trim    0
var_109_yeo_trim    0
Length: 108, dtype: int64
2026-05-15 20:43:02,114 - INFO - data scaling
2026-05-15 20:43:02,257 - INFO - scaling columns : ['var_1_yeo_trim', 'var_2_yeo_trim', 'var_3_yeo_trim', 'var_4_yeo_trim', 'var_5_yeo_trim', 'var_6_yeo_trim', 'var_7_yeo_trim', 'var_8_yeo_trim', 'var_9_yeo_trim', 'var_10_yeo_trim', 'var_11_yeo_trim', 'var_12_yeo_trim', 'var_13_yeo_trim', 'var_14_yeo_trim', 'var_15_yeo_trim', 'var_16_yeo_trim', 'var_17_yeo_trim', 'var_18_yeo_trim', 'var_19_yeo_trim', 'var_20_yeo_trim', 'var_21_yeo_trim', 'var_22_yeo_trim', 'var_23_yeo_trim', 'var_24_yeo_trim', 'var_25_yeo_trim', 'var_26_yeo_trim', 'var_27_yeo_trim', 'var_28_yeo_trim', 'var_29_yeo_trim', 'var_30_yeo_trim', 'var_31_yeo_trim', 'var_32_yeo_trim', 'var_33_yeo_trim', 'var_34_yeo_trim', 'var_35_yeo_trim', 'var_36_yeo_trim', 'var_37_yeo_trim', 'var_38_yeo_trim', 'var_39_yeo_trim', 'var_40_yeo_trim', 'var_41_yeo_trim', 'var_42_yeo_trim', 'var_43_yeo_trim', 'var_44_yeo_trim', 'var_45_yeo_trim', 'var_46_yeo_trim', 'var_47_yeo_trim', 'var_48_yeo_trim', 'var_49_yeo_trim', 'var_50_yeo_trim', 'var_51_yeo_trim', 'var_52_yeo_trim', 'var_53_yeo_trim', 'var_54_yeo_trim', 'var_55_yeo_trim', 'var_56_yeo_trim', 'var_57_yeo_trim', 'var_58_yeo_trim', 'var_59_yeo_trim', 'var_60_yeo_trim', 'var_62_yeo_trim', 'var_63_yeo_trim', 'var_64_yeo_trim', 'var_65_yeo_trim', 'var_66_yeo_trim', 'var_67_yeo_trim', 'var_68_yeo_trim', 'var_69_yeo_trim', 'var_70_yeo_trim', 'var_71_yeo_trim', 'var_72_yeo_trim', 'var_73_yeo_trim', 'var_74_yeo_trim', 'var_75_yeo_trim', 'var_76_yeo_trim', 'var_77_yeo_trim', 'var_78_yeo_trim', 'var_79_yeo_trim', 'var_80_yeo_trim', 'var_81_yeo_trim', 'var_82_yeo_trim', 'var_83_yeo_trim', 'var_84_yeo_trim', 'var_85_yeo_trim', 'var_86_yeo_trim', 'var_87_yeo_trim', 'var_88_yeo_trim', 'var_89_yeo_trim', 'var_90_yeo_trim', 'var_91_yeo_trim', 'var_92_yeo_trim', 'var_93_yeo_trim', 'var_94_yeo_trim', 'var_95_yeo_trim', 'var_96_yeo_trim', 'var_97_yeo_trim', 'var_98_yeo_trim', 'var_99_yeo_trim', 'var_100_yeo_trim', 'var_101_yeo_trim', 'var_102_yeo_trim', 'var_103_yeo_trim', 'var_104_yeo_trim', 'var_105_yeo_trim', 'var_106_yeo_trim', 'var_107_yeo_trim', 'var_108_yeo_trim', 'var_109_yeo_trim']
2026-05-15 20:43:02,669 - INFO - X_train shape :(60746, 108)
2026-05-15 20:43:02,669 - INFO - X_test shape :(10000, 108)
