2026-05-15 20:42:41,039 - INFO - Before training data Index(['var_1', 'var_2', 'var_3', 'var_4', 'var_5', 'var_6', 'var_7', 'var_8',
       'var_9', 'var_10',
       ...
       'var_100', 'var_101', 'var_102', 'var_103', 'var_104', 'var_105',
       'var_106', 'var_107', 'var_108', 'var_109'],
      dtype='object', length=108)--> (40000, 108)
2026-05-15 20:42:41,039 - INFO - Before testing data :Index(['var_1', 'var_2', 'var_3', 'var_4', 'var_5', 'var_6', 'var_7', 'var_8',
       'var_9', 'var_10',
       ...
       'var_100', 'var_101', 'var_102', 'var_103', 'var_104', 'var_105',
       'var_106', 'var_107', 'var_108', 'var_109'],
      dtype='object', length=108) --> (10000, 108)
2026-05-15 20:42:55,666 - INFO - After training data :Index(['var_1_yeo_trim', 'var_2_yeo_trim', 'var_3_yeo_trim', 'var_4_yeo_trim',
       'var_5_yeo_trim', 'var_6_yeo_trim', 'var_7_yeo_trim', 'var_8_yeo_trim',
       'var_9_yeo_trim', 'var_10_yeo_trim',
       ...
       'var_100_yeo_trim', 'var_101_yeo_trim', 'var_102_yeo_trim',
       'var_103_yeo_trim', 'var_104_yeo_trim', 'var_105_yeo_trim',
       'var_106_yeo_trim', 'var_107_yeo_trim', 'var_108_yeo_trim',
       'var_109_yeo_trim'],
      dtype='object', length=108) ---->(40000, 108)
2026-05-15 20:42:55,666 - INFO - After testing data :Index(['var_1_yeo_trim', 'var_2_yeo_trim', 'var_3_yeo_trim', 'var_4_yeo_trim',
       'var_5_yeo_trim', 'var_6_yeo_trim', 'var_7_yeo_trim', 'var_8_yeo_trim',
       'var_9_yeo_trim', 'var_10_yeo_trim',
       ...
       'var_100_yeo_trim', 'var_101_yeo_trim', 'var_102_yeo_trim',
       'var_103_yeo_trim', 'var_104_yeo_trim', 'var_105_yeo_trim',
       'var_106_yeo_trim', 'var_107_yeo_trim', 'var_108_yeo_trim',
       'var_109_yeo_trim'],
      dtype='object', length=108) ---->(10000, 108)
